<?xml version="1.0" encoding="UTF-8"?>
<testng-results ignored="0" total="1" passed="1" failed="0" skipped="0">
  <reporter-output>
  </reporter-output>
  <suite started-at="2022-04-28T16:32:31 IST" name="Default suite" finished-at="2022-04-28T16:32:34 IST" duration-ms="2786">
    <groups>
    </groups>
    <test started-at="2022-04-28T16:32:31 IST" name="Default test" finished-at="2022-04-28T16:32:34 IST" duration-ms="2786">
      <class name="com.qa.apiTest.GetAPITest">
        <test-method is-config="true" signature="setUp()[pri:0, instance:com.qa.apiTest.GetAPITest@7c469c48]" started-at="2022-04-28T16:32:32 IST" name="setUp" finished-at="2022-04-28T16:32:32 IST" duration-ms="17" status="PASS">
          <reporter-output>
          </reporter-output>
        </test-method> <!-- setUp -->
        <test-method signature="test()[pri:0, instance:com.qa.apiTest.GetAPITest@7c469c48]" started-at="2022-04-28T16:32:32 IST" name="test" finished-at="2022-04-28T16:32:34 IST" duration-ms="2638" status="PASS">
          <reporter-output>
          </reporter-output>
        </test-method> <!-- test -->
      </class> <!-- com.qa.apiTest.GetAPITest -->
    </test> <!-- Default test -->
  </suite> <!-- Default suite -->
</testng-results>
